<?xml version="1.0" encoding="UTF-8"?>
<testng-results ignored="0" total="1" passed="1" failed="0" skipped="0">
  <reporter-output>
  </reporter-output>
  <suite started-at="2023-11-03T16:54:58 IST" name="Suite" finished-at="2023-11-03T16:55:44 IST" duration-ms="45536">
    <groups>
    </groups>
    <test started-at="2023-11-03T16:54:58 IST" name="Test" finished-at="2023-11-03T16:55:44 IST" duration-ms="45536">
      <class name="TestCase.Tc_01_LoginTest">
        <test-method is-config="true" signature="setUp()[pri:0, instance:TestCase.Tc_01_LoginTest@1e1a0406]" started-at="2023-11-03T16:54:58 IST" name="setUp" finished-at="2023-11-03T16:55:05 IST" duration-ms="6482" status="PASS">
          <reporter-output>
          </reporter-output>
        </test-method> <!-- setUp -->
        <test-method signature="loginTest()[pri:0, instance:TestCase.Tc_01_LoginTest@1e1a0406]" started-at="2023-11-03T16:55:05 IST" name="loginTest" finished-at="2023-11-03T16:55:43 IST" duration-ms="38336" status="PASS">
          <reporter-output>
          </reporter-output>
        </test-method> <!-- loginTest -->
        <test-method is-config="true" signature="tearUp()[pri:0, instance:TestCase.Tc_01_LoginTest@1e1a0406]" started-at="2023-11-03T16:55:43 IST" name="tearUp" finished-at="2023-11-03T16:55:44 IST" duration-ms="632" status="PASS">
          <reporter-output>
          </reporter-output>
        </test-method> <!-- tearUp -->
      </class> <!-- TestCase.Tc_01_LoginTest -->
    </test> <!-- Test -->
  </suite> <!-- Suite -->
</testng-results>
